#
# There is insufficient memory for the Java Runtime Environment to continue.
# Native memory allocation (malloc) failed to allocate 1211952 bytes. Error detail: Chunk::new
# Possible reasons:
#   The system is out of physical RAM or swap space
#   This process is running with CompressedOops enabled, and the Java Heap may be blocking the growth of the native heap
# Possible solutions:
#   Reduce memory load on the system
#   Increase physical memory or swap space
#   Check if swap backing store is full
#   Decrease Java heap size (-Xmx/-Xms)
#   Decrease number of Java threads
#   Decrease Java thread stack sizes (-Xss)
#   Set larger code cache with -XX:ReservedCodeCacheSize=
#   JVM is running with Unscaled Compressed Oops mode in which the Java heap is
#     placed in the first 4GB address space. The Java Heap base address is the
#     maximum limit for the native heap growth. Please use -XX:HeapBaseMinAddress
#     to set the Java Heap base and to place the Java Heap above 4GB virtual address.
# This output file may be truncated or incomplete.
#
#  Out of Memory Error (arena.cpp:168), pid=15544, tid=20332
#
# JRE version: OpenJDK Runtime Environment Temurin-21.0.10+7 (21.0.10+7) (build 21.0.10+7-LTS)
# Java VM: OpenJDK 64-Bit Server VM Temurin-21.0.10+7 (21.0.10+7-LTS, mixed mode, sharing, tiered, compressed oops, compressed class ptrs, parallel gc, windows-amd64)
# No core dump will be written. Minidumps are not enabled by default on client versions of Windows
#

---------------  S U M M A R Y ------------

Command Line: --add-modules=ALL-SYSTEM --add-opens=java.base/java.util=ALL-UNNAMED --add-opens=java.base/java.lang=ALL-UNNAMED --add-opens=java.base/sun.nio.fs=ALL-UNNAMED -Declipse.application=org.eclipse.jdt.ls.core.id1 -Dosgi.bundles.defaultStartLevel=4 -Declipse.product=org.eclipse.jdt.ls.core.product -Djava.import.generatesMetadataFilesAtProjectRoot=false -DDetectVMInstallationsJob.disabled=true -Dfile.encoding=utf8 -XX:+UseParallelGC -XX:GCTimeRatio=4 -XX:AdaptiveSizePolicyWeight=90 -Dsun.zip.disableMemoryMapping=true -Xmx2G -Xms100m -Xlog:disable -javaagent:c:\Users\trami\.windsurf\extensions\redhat.java-1.54.0-win32-x64\lombok\lombok-1.18.39-4050.jar -XX:+HeapDumpOnOutOfMemoryError -XX:HeapDumpPath=c:\Users\trami\AppData\Roaming\Windsurf\User\workspaceStorage\c9259c7068d373984888ddd66689b2ba\redhat.java -Daether.dependencyCollector.impl=bf c:\Users\trami\.windsurf\extensions\redhat.java-1.54.0-win32-x64\server\plugins\org.eclipse.equinox.launcher_1.7.100.v20251111-0406.jar -configuration c:\Users\trami\AppData\Roaming\Windsurf\User\globalStorage\redhat.java\1.54.0\config_win -data c:\Users\trami\AppData\Roaming\Windsurf\User\workspaceStorage\c9259c7068d373984888ddd66689b2ba\redhat.java\jdt_ws --pipe=\\.\pipe\lsp-2ca6ba4b4aca8886e430760e3ea7eb6b-sock

Host: Intel(R) Core(TM) i3-N305, 8 cores, 7G,  Windows 11 , 64 bit Build 26100 (10.0.26100.8328)
Time: Thu May 28 21:43:12 2026 Hora est. Sudam廨ica Pac璗ico elapsed time: 49.348782 seconds (0d 0h 0m 49s)

---------------  T H R E A D  ---------------

Current thread (0x0000018dd4f3e030):  JavaThread "C2 CompilerThread1" daemon [_thread_in_native, id=20332, stack(0x0000004fa4400000,0x0000004fa4500000) (1024K)]


Current CompileTask:
C2:49349 4302       4       org.apache.felix.resolver.PackageSpaces::mergeCandidatePackages (436 bytes)

Stack: [0x0000004fa4400000,0x0000004fa4500000]
Native frames: (J=compiled Java code, j=interpreted, Vv=VM code, C=native code)
V  [jvm.dll+0x6d7a39]
V  [jvm.dll+0x8b4b26]
V  [jvm.dll+0x8b70de]
V  [jvm.dll+0x8b77c3]
V  [jvm.dll+0x284346]
V  [jvm.dll+0xc66ed]
V  [jvm.dll+0xc6c31]
V  [jvm.dll+0x3bec3b]
V  [jvm.dll+0x1e3f69]
V  [jvm.dll+0x24c6b3]
V  [jvm.dll+0x24bb40]
V  [jvm.dll+0x1cb34e]
V  [jvm.dll+0x25b85d]
V  [jvm.dll+0x259dea]
V  [jvm.dll+0x3f857e]
V  [jvm.dll+0x85f59d]
V  [jvm.dll+0x6d626d]
C  [ucrtbase.dll+0x37b0]
C  [KERNEL32.DLL+0x2e957]
C  [ntdll.dll+0x427c]


---------------  P R O C E S S  ---------------

Threads class SMR info:
_java_thread_list=0x0000018dd4808280, length=21, elements={
0x0000018df5f8e310, 0x0000018df603cc00, 0x0000018df603e920, 0x0000018df5efd5e0,
0x0000018df5efc8c0, 0x0000018df5efdc70, 0x0000018df5efcf50, 0x0000018df5f07620,
0x0000018df5f19130, 0x0000018df5efc230, 0x0000018df5efbba0, 0x0000018dffd32590,
0x0000018dffd31f00, 0x0000018dffd2f110, 0x0000018dffd32c20, 0x0000018dffd304c0,
0x0000018dffd311e0, 0x0000018dffd2f7a0, 0x0000018dffd332b0, 0x0000018dffd31870,
0x0000018dd4f3e030
}

Java Threads: ( => current thread )
  0x0000018df5f8e310 JavaThread "main"                              [_thread_blocked, id=8768, stack(0x0000004fa2600000,0x0000004fa2700000) (1024K)]
  0x0000018df603cc00 JavaThread "Reference Handler"          daemon [_thread_blocked, id=23152, stack(0x0000004fa2a00000,0x0000004fa2b00000) (1024K)]
  0x0000018df603e920 JavaThread "Finalizer"                  daemon [_thread_blocked, id=30412, stack(0x0000004fa2b00000,0x0000004fa2c00000) (1024K)]
  0x0000018df5efd5e0 JavaThread "Signal Dispatcher"          daemon [_thread_blocked, id=31272, stack(0x0000004fa2c00000,0x0000004fa2d00000) (1024K)]
  0x0000018df5efc8c0 JavaThread "Attach Listener"            daemon [_thread_blocked, id=14416, stack(0x0000004fa2d00000,0x0000004fa2e00000) (1024K)]
  0x0000018df5efdc70 JavaThread "Service Thread"             daemon [_thread_blocked, id=23948, stack(0x0000004fa2e00000,0x0000004fa2f00000) (1024K)]
  0x0000018df5efcf50 JavaThread "Monitor Deflation Thread"   daemon [_thread_blocked, id=6096, stack(0x0000004fa2f00000,0x0000004fa3000000) (1024K)]
  0x0000018df5f07620 JavaThread "C2 CompilerThread0"         daemon [_thread_blocked, id=25864, stack(0x0000004fa3000000,0x0000004fa3100000) (1024K)]
  0x0000018df5f19130 JavaThread "C1 CompilerThread0"         daemon [_thread_blocked, id=6192, stack(0x0000004fa3100000,0x0000004fa3200000) (1024K)]
  0x0000018df5efc230 JavaThread "Common-Cleaner"             daemon [_thread_blocked, id=30104, stack(0x0000004fa3200000,0x0000004fa3300000) (1024K)]
  0x0000018df5efbba0 JavaThread "Notification Thread"        daemon [_thread_blocked, id=29744, stack(0x0000004fa3300000,0x0000004fa3400000) (1024K)]
  0x0000018dffd32590 JavaThread "Active Thread: Equinox Container: 71056ac5-c5d1-43a9-ba96-44d9a17c6d3d"        [_thread_blocked, id=33708, stack(0x0000004fa4000000,0x0000004fa4100000) (1024K)]
  0x0000018dffd31f00 JavaThread "Framework Event Dispatcher: Equinox Container: 71056ac5-c5d1-43a9-ba96-44d9a17c6d3d" daemon [_thread_blocked, id=18832, stack(0x0000004fa3400000,0x0000004fa3500000) (1024K)]
  0x0000018dffd2f110 JavaThread "Start Level: Equinox Container: 71056ac5-c5d1-43a9-ba96-44d9a17c6d3d" daemon [_thread_in_vm, id=31340, stack(0x0000004fa3b00000,0x0000004fa3c00000) (1024K)]
  0x0000018dffd32c20 JavaThread "Bundle File Closer"         daemon [_thread_blocked, id=29080, stack(0x0000004fa3d00000,0x0000004fa3e00000) (1024K)]
  0x0000018dffd304c0 JavaThread "Refresh Thread: Equinox Container: 71056ac5-c5d1-43a9-ba96-44d9a17c6d3d" daemon [_thread_blocked, id=32072, stack(0x0000004fa3e00000,0x0000004fa3f00000) (1024K)]
  0x0000018dffd311e0 JavaThread "SCR Component Actor"        daemon [_thread_blocked, id=29208, stack(0x0000004fa3f00000,0x0000004fa4000000) (1024K)]
  0x0000018dffd2f7a0 JavaThread "Worker-JM"                         [_thread_blocked, id=11824, stack(0x0000004fa4100000,0x0000004fa4200000) (1024K)]
  0x0000018dffd332b0 JavaThread "Worker-0: Checking project encoding"        [_thread_blocked, id=17824, stack(0x0000004fa4200000,0x0000004fa4300000) (1024K)]
  0x0000018dffd31870 JavaThread "Worker-1"                          [_thread_blocked, id=31320, stack(0x0000004fa4300000,0x0000004fa4400000) (1024K)]
=>0x0000018dd4f3e030 JavaThread "C2 CompilerThread1"         daemon [_thread_in_native, id=20332, stack(0x0000004fa4400000,0x0000004fa4500000) (1024K)]
Total: 21

Other Threads:
  0x0000018df6025a30 VMThread "VM Thread"                           [id=30660, stack(0x0000004fa2900000,0x0000004fa2a00000) (1024K)]
  0x0000018df5e0ca00 WatcherThread "VM Periodic Task Thread"        [id=28724, stack(0x0000004fa2800000,0x0000004fa2900000) (1024K)]
  0x0000018df5f9f650 WorkerThread "GC Thread#0"                     [id=18956, stack(0x0000004fa2700000,0x0000004fa2800000) (1024K)]
  0x0000018dffa1bcd0 WorkerThread "GC Thread#1"                     [id=16344, stack(0x0000004fa3500000,0x0000004fa3600000) (1024K)]
  0x0000018dff9ff260 WorkerThread "GC Thread#2"                     [id=31960, stack(0x0000004fa3600000,0x0000004fa3700000) (1024K)]
  0x0000018dff9b0f20 WorkerThread "GC Thread#3"                     [id=14108, stack(0x0000004fa3700000,0x0000004fa3800000) (1024K)]
  0x0000018dff9b12d0 WorkerThread "GC Thread#4"                     [id=9328, stack(0x0000004fa3800000,0x0000004fa3900000) (1024K)]
  0x0000018dff9b1680 WorkerThread "GC Thread#5"                     [id=28632, stack(0x0000004fa3900000,0x0000004fa3a00000) (1024K)]
  0x0000018dff9b1a30 WorkerThread "GC Thread#6"                     [id=16496, stack(0x0000004fa3a00000,0x0000004fa3b00000) (1024K)]
  0x0000018dffc03370 WorkerThread "GC Thread#7"                     [id=8640, stack(0x0000004fa3c00000,0x0000004fa3d00000) (1024K)]
Total: 10

Threads with active compile tasks:
C2 CompilerThread0  49409 4382       4       java.util.zip.ZipCoder::hash (36 bytes)
C1 CompilerThread0  49409 4384       3       org.eclipse.osgi.storage.bundlefile.NestedDirBundleFile::filterPath (67 bytes)
C2 CompilerThread1  49409 4302       4       org.apache.felix.resolver.PackageSpaces::mergeCandidatePackages (436 bytes)
Total: 3

VM state: not at safepoint (normal execution)

VM Mutex/Monitor currently owned by a thread: None

Heap address: 0x0000000080000000, size: 2048 MB, Compressed Oops mode: 32-bit

CDS archive(s) mapped at: [0x0000018d8f000000-0x0000018d8fba0000-0x0000018d8fba0000), size 12189696, SharedBaseAddress: 0x0000018d8f000000, ArchiveRelocationMode: 1.
Compressed class space mapped at: 0x0000018d90000000-0x0000018dd0000000, reserved size: 1073741824
Narrow klass base: 0x0000018d8f000000, Narrow klass shift: 0, Narrow klass range: 0x100000000

GC Precious Log:
 CardTable entry size: 512
 CPUs: 8 total, 8 available
 Memory: 7865M
 Large Page Support: Disabled
 NUMA Support: Disabled
 Compressed Oops: Enabled (32-bit)
 Alignments: Space 512K, Generation 512K, Heap 2M
 Heap Min Capacity: 100M
 Heap Initial Capacity: 100M
 Heap Max Capacity: 2G
 Pre-touch: Disabled
 Parallel Workers: 8

Heap:
 PSYoungGen      total 29184K, used 23755K [0x00000000d5580000, 0x00000000d7700000, 0x0000000100000000)
  eden space 24064K, 78% used [0x00000000d5580000,0x00000000d67dfdb0,0x00000000d6d00000)
  from space 5120K, 96% used [0x00000000d6e00000,0x00000000d72d2fe0,0x00000000d7300000)
  to   space 4096K, 0% used [0x00000000d7300000,0x00000000d7300000,0x00000000d7700000)
 ParOldGen       total 68608K, used 8106K [0x0000000080000000, 0x0000000084300000, 0x00000000d5580000)
  object space 68608K, 11% used [0x0000000080000000,0x00000000807eab38,0x0000000084300000)
 Metaspace       used 19163K, committed 19904K, reserved 1114112K
  class space    used 1946K, committed 2240K, reserved 1048576K

Card table byte_map: [0x0000018df5920000,0x0000018df5d30000] _byte_map_base: 0x0000018df5520000

Marking Bits: (ParMarkBitMap*) 0x00007fff3fdd3450
 Begin Bits: [0x0000018df9430000, 0x0000018dfb430000)
 End Bits:   [0x0000018dfb430000, 0x0000018dfd430000)

Polling page: 0x0000018df3d90000

Metaspace:

Usage:
  Non-class:     16.81 MB used.
      Class:      1.90 MB used.
       Both:     18.72 MB used.

Virtual space:
  Non-class space:       64.00 MB reserved,      17.25 MB ( 27%) committed,  1 nodes.
      Class space:        1.00 GB reserved,       2.19 MB ( <1%) committed,  1 nodes.
             Both:        1.06 GB reserved,      19.44 MB (  2%) committed. 

Chunk freelists:
   Non-Class:  13.98 MB
       Class:  13.77 MB
        Both:  27.75 MB

MaxMetaspaceSize: unlimited
CompressedClassSpaceSize: 1.00 GB
Initial GC threshold: 21.00 MB
Current GC threshold: 21.00 MB
CDS: on
 - commit_granule_bytes: 65536.
 - commit_granule_words: 8192.
 - virtual_space_node_default_size: 8388608.
 - enlarge_chunks_in_place: 1.
 - use_allocation_guard: 0.


Internal statistics:

num_allocs_failed_limit: 0.
num_arena_births: 544.
num_arena_deaths: 0.
num_vsnodes_births: 2.
num_vsnodes_deaths: 0.
num_space_committed: 311.
num_space_uncommitted: 0.
num_chunks_returned_to_freelist: 0.
num_chunks_taken_from_freelist: 1227.
num_chunk_merges: 0.
num_chunk_splits: 795.
num_chunks_enlarged: 530.
num_inconsistent_stats: 0.

CodeHeap 'non-profiled nmethods': size=120000Kb used=2222Kb max_used=2222Kb free=117777Kb
 bounds [0x0000018d87ad0000, 0x0000018d87d40000, 0x0000018d8f000000]
CodeHeap 'profiled nmethods': size=120000Kb used=9519Kb max_used=9519Kb free=110480Kb
 bounds [0x0000018d80000000, 0x0000018d80950000, 0x0000018d87530000]
CodeHeap 'non-nmethods': size=5760Kb used=1268Kb max_used=1309Kb free=4491Kb
 bounds [0x0000018d87530000, 0x0000018d877a0000, 0x0000018d87ad0000]
CodeCache: size=245760Kb, used=13009Kb, max_used=13050Kb, free=232748Kb
 total_blobs=4924, nmethods=4380, adapters=450, full_count=0
Compilation: enabled, stopped_count=0, restarted_count=0

Compilation events (20 events):
Event: 48.283 Thread 0x0000018df5f19130 nmethod 4360 0x0000018d87cf0790 code [0x0000018d87cf0920, 0x0000018d87cf09e8]
Event: 48.283 Thread 0x0000018df5f19130 4357       3       jdk.internal.reflect.MethodHandleObjectFieldAccessorImpl::<init> (12 bytes)
Event: 48.283 Thread 0x0000018df5f19130 nmethod 4357 0x0000018d80942190 code [0x0000018d80942340, 0x0000018d80942478]
Event: 48.283 Thread 0x0000018df5f19130 4358       3       jdk.internal.reflect.MethodHandleFieldAccessorImpl::<init> (44 bytes)
Event: 48.284 Thread 0x0000018df5f19130 nmethod 4358 0x0000018d80942510 code [0x0000018d809426c0, 0x0000018d809429d0]
Event: 48.284 Thread 0x0000018df5f19130 4359       3       java.lang.invoke.LambdaForm$MH/0x0000018d90174800::invokeExact_MT (23 bytes)
Event: 48.285 Thread 0x0000018df5f19130 nmethod 4359 0x0000018d80942b10 code [0x0000018d80942d20, 0x0000018d80943458]
Event: 48.313 Thread 0x0000018df5f19130 4361       3       java.lang.StackTraceElement::<init> (10 bytes)
Event: 48.314 Thread 0x0000018df5f19130 nmethod 4361 0x0000018d80943690 code [0x0000018d80943840, 0x0000018d809439a8]
Event: 48.314 Thread 0x0000018df5f19130 4364       3       java.lang.ModuleLayer::boot (4 bytes)
Event: 48.314 Thread 0x0000018df5f19130 nmethod 4364 0x0000018d80943a90 code [0x0000018d80943c20, 0x0000018d80943d18]
Event: 48.314 Thread 0x0000018df5f19130 4365       3       java.lang.Module::getLayer (43 bytes)
Event: 48.314 Thread 0x0000018df5f19130 nmethod 4365 0x0000018d80943d90 code [0x0000018d80943f60, 0x0000018d809442f8]
Event: 48.314 Thread 0x0000018df5f19130 4362  s!   3       java.lang.StackTraceElement::computeFormat (71 bytes)
Event: 48.315 Thread 0x0000018df5f19130 nmethod 4362 0x0000018d80944410 code [0x0000018d80944620, 0x0000018d80944e18]
Event: 48.315 Thread 0x0000018df5f07620 nmethod 4338 0x0000018d87cf0a90 code [0x0000018d87cf0f00, 0x0000018d87cf4cf0]
Event: 48.315 Thread 0x0000018df5f19130 4363       3       java.lang.StackTraceElement::isHashedInJavaBase (31 bytes)
Event: 48.315 Thread 0x0000018df5f07620 4340       4       java.util.HashMap::putVal (300 bytes)
Event: 48.316 Thread 0x0000018df5f19130 nmethod 4363 0x0000018d80945090 code [0x0000018d80945280, 0x0000018d80945718]
Event: 48.337 Thread 0x0000018df5f07620 nmethod 4340 0x0000018d87cf7810 code [0x0000018d87cf7a60, 0x0000018d87cf87c8]

GC Heap History (14 events):
Event: 2.549 GC heap before
{Heap before GC invocations=1 (full 0):
 PSYoungGen      total 29696K, used 25600K [0x00000000d5580000, 0x00000000d7680000, 0x0000000100000000)
  eden space 25600K, 100% used [0x00000000d5580000,0x00000000d6e80000,0x00000000d6e80000)
  from space 4096K, 0% used [0x00000000d7280000,0x00000000d7280000,0x00000000d7680000)
  to   space 4096K, 0% used [0x00000000d6e80000,0x00000000d6e80000,0x00000000d7280000)
 ParOldGen       total 68608K, used 0K [0x0000000080000000, 0x0000000084300000, 0x00000000d5580000)
  object space 68608K, 0% used [0x0000000080000000,0x0000000080000000,0x0000000084300000)
 Metaspace       used 4525K, committed 4736K, reserved 1114112K
  class space    used 493K, committed 576K, reserved 1048576K
}
Event: 2.561 GC heap after
{Heap after GC invocations=1 (full 0):
 PSYoungGen      total 29696K, used 3303K [0x00000000d5580000, 0x00000000d7680000, 0x0000000100000000)
  eden space 25600K, 0% used [0x00000000d5580000,0x00000000d5580000,0x00000000d6e80000)
  from space 4096K, 80% used [0x00000000d6e80000,0x00000000d71b9e98,0x00000000d7280000)
  to   space 4096K, 0% used [0x00000000d7280000,0x00000000d7280000,0x00000000d7680000)
 ParOldGen       total 68608K, used 16K [0x0000000080000000, 0x0000000084300000, 0x00000000d5580000)
  object space 68608K, 0% used [0x0000000080000000,0x0000000080004000,0x0000000084300000)
 Metaspace       used 4525K, committed 4736K, reserved 1114112K
  class space    used 493K, committed 576K, reserved 1048576K
}
Event: 21.632 GC heap before
{Heap before GC invocations=2 (full 0):
 PSYoungGen      total 29696K, used 28903K [0x00000000d5580000, 0x00000000d7680000, 0x0000000100000000)
  eden space 25600K, 100% used [0x00000000d5580000,0x00000000d6e80000,0x00000000d6e80000)
  from space 4096K, 80% used [0x00000000d6e80000,0x00000000d71b9e98,0x00000000d7280000)
  to   space 4096K, 0% used [0x00000000d7280000,0x00000000d7280000,0x00000000d7680000)
 ParOldGen       total 68608K, used 16K [0x0000000080000000, 0x0000000084300000, 0x00000000d5580000)
  object space 68608K, 0% used [0x0000000080000000,0x0000000080004000,0x0000000084300000)
 Metaspace       used 8407K, committed 8704K, reserved 1114112K
  class space    used 889K, committed 1024K, reserved 1048576K
}
Event: 21.640 GC heap after
{Heap after GC invocations=2 (full 0):
 PSYoungGen      total 29696K, used 4078K [0x00000000d5580000, 0x00000000d7680000, 0x0000000100000000)
  eden space 25600K, 0% used [0x00000000d5580000,0x00000000d5580000,0x00000000d6e80000)
  from space 4096K, 99% used [0x00000000d7280000,0x00000000d767ba50,0x00000000d7680000)
  to   space 4096K, 0% used [0x00000000d6e80000,0x00000000d6e80000,0x00000000d7280000)
 ParOldGen       total 68608K, used 120K [0x0000000080000000, 0x0000000084300000, 0x00000000d5580000)
  object space 68608K, 0% used [0x0000000080000000,0x000000008001e000,0x0000000084300000)
 Metaspace       used 8407K, committed 8704K, reserved 1114112K
  class space    used 889K, committed 1024K, reserved 1048576K
}
Event: 22.750 GC heap before
{Heap before GC invocations=3 (full 0):
 PSYoungGen      total 29696K, used 29678K [0x00000000d5580000, 0x00000000d7680000, 0x0000000100000000)
  eden space 25600K, 100% used [0x00000000d5580000,0x00000000d6e80000,0x00000000d6e80000)
  from space 4096K, 99% used [0x00000000d7280000,0x00000000d767ba50,0x00000000d7680000)
  to   space 4096K, 0% used [0x00000000d6e80000,0x00000000d6e80000,0x00000000d7280000)
 ParOldGen       total 68608K, used 120K [0x0000000080000000, 0x0000000084300000, 0x00000000d5580000)
  object space 68608K, 0% used [0x0000000080000000,0x000000008001e000,0x0000000084300000)
 Metaspace       used 8730K, committed 9088K, reserved 1114112K
  class space    used 903K, committed 1088K, reserved 1048576K
}
Event: 22.758 GC heap after
{Heap after GC invocations=3 (full 0):
 PSYoungGen      total 29696K, used 4072K [0x00000000d5580000, 0x00000000d7680000, 0x0000000100000000)
  eden space 25600K, 0% used [0x00000000d5580000,0x00000000d5580000,0x00000000d6e80000)
  from space 4096K, 99% used [0x00000000d6e80000,0x00000000d727a3a0,0x00000000d7280000)
  to   space 4096K, 0% used [0x00000000d7280000,0x00000000d7280000,0x00000000d7680000)
 ParOldGen       total 68608K, used 4323K [0x0000000080000000, 0x0000000084300000, 0x00000000d5580000)
  object space 68608K, 6% used [0x0000000080000000,0x0000000080438ff8,0x0000000084300000)
 Metaspace       used 8730K, committed 9088K, reserved 1114112K
  class space    used 903K, committed 1088K, reserved 1048576K
}
Event: 25.386 GC heap before
{Heap before GC invocations=4 (full 0):
 PSYoungGen      total 29696K, used 29672K [0x00000000d5580000, 0x00000000d7680000, 0x0000000100000000)
  eden space 25600K, 100% used [0x00000000d5580000,0x00000000d6e80000,0x00000000d6e80000)
  from space 4096K, 99% used [0x00000000d6e80000,0x00000000d727a3a0,0x00000000d7280000)
  to   space 4096K, 0% used [0x00000000d7280000,0x00000000d7280000,0x00000000d7680000)
 ParOldGen       total 68608K, used 4323K [0x0000000080000000, 0x0000000084300000, 0x00000000d5580000)
  object space 68608K, 6% used [0x0000000080000000,0x0000000080438ff8,0x0000000084300000)
 Metaspace       used 10227K, committed 10496K, reserved 1114112K
  class space    used 1056K, committed 1152K, reserved 1048576K
}
Event: 25.391 GC heap after
{Heap after GC invocations=4 (full 0):
 PSYoungGen      total 29696K, used 4081K [0x00000000d5580000, 0x00000000d7680000, 0x0000000100000000)
  eden space 25600K, 0% used [0x00000000d5580000,0x00000000d5580000,0x00000000d6e80000)
  from space 4096K, 99% used [0x00000000d7280000,0x00000000d767c7f8,0x00000000d7680000)
  to   space 4096K, 0% used [0x00000000d6e80000,0x00000000d6e80000,0x00000000d7280000)
 ParOldGen       total 68608K, used 5644K [0x0000000080000000, 0x0000000084300000, 0x00000000d5580000)
  object space 68608K, 8% used [0x0000000080000000,0x0000000080583308,0x0000000084300000)
 Metaspace       used 10227K, committed 10496K, reserved 1114112K
  class space    used 1056K, committed 1152K, reserved 1048576K
}
Event: 39.755 GC heap before
{Heap before GC invocations=5 (full 0):
 PSYoungGen      total 29696K, used 29565K [0x00000000d5580000, 0x00000000d7680000, 0x0000000100000000)
  eden space 25600K, 99% used [0x00000000d5580000,0x00000000d6e62d88,0x00000000d6e80000)
  from space 4096K, 99% used [0x00000000d7280000,0x00000000d767c7f8,0x00000000d7680000)
  to   space 4096K, 0% used [0x00000000d6e80000,0x00000000d6e80000,0x00000000d7280000)
 ParOldGen       total 68608K, used 5644K [0x0000000080000000, 0x0000000084300000, 0x00000000d5580000)
  object space 68608K, 8% used [0x0000000080000000,0x0000000080583308,0x0000000084300000)
 Metaspace       used 10725K, committed 11136K, reserved 1114112K
  class space    used 1076K, committed 1280K, reserved 1048576K
}
Event: 39.760 GC heap after
{Heap after GC invocations=5 (full 0):
 PSYoungGen      total 29184K, used 4085K [0x00000000d5580000, 0x00000000d7900000, 0x0000000100000000)
  eden space 25088K, 0% used [0x00000000d5580000,0x00000000d5580000,0x00000000d6e00000)
  from space 4096K, 99% used [0x00000000d6e80000,0x00000000d727d610,0x00000000d7280000)
  to   space 5632K, 0% used [0x00000000d7380000,0x00000000d7380000,0x00000000d7900000)
 ParOldGen       total 68608K, used 6678K [0x0000000080000000, 0x0000000084300000, 0x00000000d5580000)
  object space 68608K, 9% used [0x0000000080000000,0x0000000080685840,0x0000000084300000)
 Metaspace       used 10725K, committed 11136K, reserved 1114112K
  class space    used 1076K, committed 1280K, reserved 1048576K
}
Event: 42.200 GC heap before
{Heap before GC invocations=6 (full 0):
 PSYoungGen      total 29184K, used 29173K [0x00000000d5580000, 0x00000000d7900000, 0x0000000100000000)
  eden space 25088K, 100% used [0x00000000d5580000,0x00000000d6e00000,0x00000000d6e00000)
  from space 4096K, 99% used [0x00000000d6e80000,0x00000000d727d610,0x00000000d7280000)
  to   space 5632K, 0% used [0x00000000d7380000,0x00000000d7380000,0x00000000d7900000)
 ParOldGen       total 68608K, used 6678K [0x0000000080000000, 0x0000000084300000, 0x00000000d5580000)
  object space 68608K, 9% used [0x0000000080000000,0x0000000080685840,0x0000000084300000)
 Metaspace       used 14079K, committed 14528K, reserved 1114112K
  class space    used 1423K, committed 1600K, reserved 1048576K
}
Event: 42.205 GC heap after
{Heap after GC invocations=6 (full 0):
 PSYoungGen      total 30208K, used 5123K [0x00000000d5580000, 0x00000000d7900000, 0x0000000100000000)
  eden space 24576K, 0% used [0x00000000d5580000,0x00000000d5580000,0x00000000d6d80000)
  from space 5632K, 90% used [0x00000000d7380000,0x00000000d7880cb0,0x00000000d7900000)
  to   space 5632K, 0% used [0x00000000d6e00000,0x00000000d6e00000,0x00000000d7380000)
 ParOldGen       total 68608K, used 6750K [0x0000000080000000, 0x0000000084300000, 0x00000000d5580000)
  object space 68608K, 9% used [0x0000000080000000,0x0000000080697850,0x0000000084300000)
 Metaspace       used 14079K, committed 14528K, reserved 1114112K
  class space    used 1423K, committed 1600K, reserved 1048576K
}
Event: 44.622 GC heap before
{Heap before GC invocations=7 (full 0):
 PSYoungGen      total 30208K, used 29699K [0x00000000d5580000, 0x00000000d7900000, 0x0000000100000000)
  eden space 24576K, 100% used [0x00000000d5580000,0x00000000d6d80000,0x00000000d6d80000)
  from space 5632K, 90% used [0x00000000d7380000,0x00000000d7880cb0,0x00000000d7900000)
  to   space 5632K, 0% used [0x00000000d6e00000,0x00000000d6e00000,0x00000000d7380000)
 ParOldGen       total 68608K, used 6750K [0x0000000080000000, 0x0000000084300000, 0x00000000d5580000)
  object space 68608K, 9% used [0x0000000080000000,0x0000000080697850,0x0000000084300000)
 Metaspace       used 17783K, committed 18496K, reserved 1114112K
  class space    used 1802K, committed 2112K, reserved 1048576K
}
Event: 44.630 GC heap after
{Heap after GC invocations=7 (full 0):
 PSYoungGen      total 29184K, used 4939K [0x00000000d5580000, 0x00000000d7700000, 0x0000000100000000)
  eden space 24064K, 0% used [0x00000000d5580000,0x00000000d5580000,0x00000000d6d00000)
  from space 5120K, 96% used [0x00000000d6e00000,0x00000000d72d2fe0,0x00000000d7300000)
  to   space 4096K, 0% used [0x00000000d7300000,0x00000000d7300000,0x00000000d7700000)
 ParOldGen       total 68608K, used 8106K [0x0000000080000000, 0x0000000084300000, 0x00000000d5580000)
  object space 68608K, 11% used [0x0000000080000000,0x00000000807eab38,0x0000000084300000)
 Metaspace       used 17783K, committed 18496K, reserved 1114112K
  class space    used 1802K, committed 2112K, reserved 1048576K
}

Dll operation events (11 events):
Event: 0.029 Loaded shared library c:\Users\trami\.windsurf\extensions\redhat.java-1.54.0-win32-x64\jre\21.0.10-win32-x86_64\bin\java.dll
Event: 0.299 Loaded shared library c:\Users\trami\.windsurf\extensions\redhat.java-1.54.0-win32-x64\jre\21.0.10-win32-x86_64\bin\zip.dll
Event: 0.363 Loaded shared library C:\Users\trami\.windsurf\extensions\redhat.java-1.54.0-win32-x64\jre\21.0.10-win32-x86_64\bin\instrument.dll
Event: 0.417 Loaded shared library C:\Users\trami\.windsurf\extensions\redhat.java-1.54.0-win32-x64\jre\21.0.10-win32-x86_64\bin\net.dll
Event: 0.497 Loaded shared library C:\Users\trami\.windsurf\extensions\redhat.java-1.54.0-win32-x64\jre\21.0.10-win32-x86_64\bin\nio.dll
Event: 0.502 Loaded shared library C:\Users\trami\.windsurf\extensions\redhat.java-1.54.0-win32-x64\jre\21.0.10-win32-x86_64\bin\zip.dll
Event: 0.538 Loaded shared library C:\Users\trami\.windsurf\extensions\redhat.java-1.54.0-win32-x64\jre\21.0.10-win32-x86_64\bin\jimage.dll
Event: 0.757 Loaded shared library c:\Users\trami\.windsurf\extensions\redhat.java-1.54.0-win32-x64\jre\21.0.10-win32-x86_64\bin\verify.dll
Event: 23.301 Loaded shared library C:\Users\trami\AppData\Roaming\Windsurf\User\globalStorage\redhat.java\1.54.0\config_win\org.eclipse.equinox.launcher\org.eclipse.equinox.launcher.win32.win32.x86_64_1.3.0.v20260203-2149\eclipse_11919.dll
Event: 43.296 Loaded shared library C:\Users\trami\.windsurf\extensions\redhat.java-1.54.0-win32-x64\jre\21.0.10-win32-x86_64\bin\management.dll
Event: 43.386 Loaded shared library C:\Users\trami\.windsurf\extensions\redhat.java-1.54.0-win32-x64\jre\21.0.10-win32-x86_64\bin\management_ext.dll

Deoptimization events (20 events):
Event: 45.401 Thread 0x0000018dffd2f110 DEOPT PACKING pc=0x0000018d87c9aaf0 sp=0x0000004fa3bf3560
Event: 45.401 Thread 0x0000018dffd2f110 DEOPT UNPACKING pc=0x0000018d87583aa2 sp=0x0000004fa3bf34f0 mode 2
Event: 45.401 Thread 0x0000018dffd2f110 Uncommon trap: trap_request=0xffffffde fr.pc=0x0000018d87c9aaf0 relative=0x0000000000000050
Event: 45.401 Thread 0x0000018dffd2f110 Uncommon trap: reason=class_check action=maybe_recompile pc=0x0000018d87c9aaf0 method=java.lang.invoke.DirectMethodHandle.internalMemberName(Ljava/lang/Object;)Ljava/lang/Object; @ 1 c2
Event: 45.401 Thread 0x0000018dffd2f110 DEOPT PACKING pc=0x0000018d87c9aaf0 sp=0x0000004fa3bf3560
Event: 45.401 Thread 0x0000018dffd2f110 DEOPT UNPACKING pc=0x0000018d87583aa2 sp=0x0000004fa3bf34f0 mode 2
Event: 45.403 Thread 0x0000018dffd2f110 Uncommon trap: trap_request=0xffffff45 fr.pc=0x0000018d87cb40b8 relative=0x00000000000000d8
Event: 45.403 Thread 0x0000018dffd2f110 Uncommon trap: reason=unstable_if action=reinterpret pc=0x0000018d87cb40b8 method=java.util.WeakHashMap.expungeStaleEntries()V @ 9 c2
Event: 45.403 Thread 0x0000018dffd2f110 DEOPT PACKING pc=0x0000018d87cb40b8 sp=0x0000004fa3bf3630
Event: 45.403 Thread 0x0000018dffd2f110 DEOPT UNPACKING pc=0x0000018d87583aa2 sp=0x0000004fa3bf3588 mode 2
Event: 46.471 Thread 0x0000018dffd2f110 DEOPT PACKING pc=0x0000018d8057d9d6 sp=0x0000004fa3bf27e0
Event: 46.471 Thread 0x0000018dffd2f110 DEOPT UNPACKING pc=0x0000018d87584242 sp=0x0000004fa3bf1cf0 mode 0
Event: 46.729 Thread 0x0000018dffd2f110 Uncommon trap: trap_request=0xffffffc6 fr.pc=0x0000018d87be4668 relative=0x00000000000029e8
Event: 46.729 Thread 0x0000018dffd2f110 Uncommon trap: reason=bimorphic_or_optimized_type_check action=maybe_recompile pc=0x0000018d87be4668 method=org.apache.felix.resolver.PackageSpaces.mergeUses(Lorg/apache/felix/resolver/ResolveSession;Lorg/osgi/resource/Resource;Lorg/apache/felix/resolver/
Event: 46.729 Thread 0x0000018dffd2f110 DEOPT PACKING pc=0x0000018d87be4668 sp=0x0000004fa3bf1f50
Event: 46.729 Thread 0x0000018dffd2f110 DEOPT UNPACKING pc=0x0000018d87583aa2 sp=0x0000004fa3bf1ee0 mode 2
Event: 46.730 Thread 0x0000018dffd2f110 Uncommon trap: trap_request=0xffffffc6 fr.pc=0x0000018d87be4668 relative=0x00000000000029e8
Event: 46.730 Thread 0x0000018dffd2f110 Uncommon trap: reason=bimorphic_or_optimized_type_check action=maybe_recompile pc=0x0000018d87be4668 method=org.apache.felix.resolver.PackageSpaces.mergeUses(Lorg/apache/felix/resolver/ResolveSession;Lorg/osgi/resource/Resource;Lorg/apache/felix/resolver/
Event: 46.730 Thread 0x0000018dffd2f110 DEOPT PACKING pc=0x0000018d87be4668 sp=0x0000004fa3bf1f50
Event: 46.730 Thread 0x0000018dffd2f110 DEOPT UNPACKING pc=0x0000018d87583aa2 sp=0x0000004fa3bf1ee0 mode 2

Classes loaded (20 events):
Event: 44.042 Loading class java/util/stream/SortedOps$SizedRefSortingSink
Event: 44.042 Loading class java/util/stream/SortedOps$SizedRefSortingSink done
Event: 44.431 Loading class java/util/concurrent/atomic/Striped64$1
Event: 44.432 Loading class java/util/concurrent/atomic/Striped64$1 done
Event: 44.641 Loading class java/util/BitSet
Event: 44.641 Loading class java/util/BitSet done
Event: 44.662 Loading class sun/net/www/protocol/jrt/JavaRuntimeURLConnection
Event: 44.663 Loading class sun/net/www/protocol/jrt/JavaRuntimeURLConnection done
Event: 44.664 Loading class sun/net/www/protocol/jrt/JavaRuntimeURLConnection$1
Event: 44.665 Loading class sun/net/www/protocol/jrt/JavaRuntimeURLConnection$1 done
Event: 44.761 Loading class java/util/function/UnaryOperator
Event: 44.762 Loading class java/util/function/UnaryOperator done
Event: 44.776 Loading class java/util/ServiceConfigurationError
Event: 44.777 Loading class java/util/ServiceConfigurationError done
Event: 44.839 Loading class java/lang/InheritableThreadLocal
Event: 44.839 Loading class java/lang/InheritableThreadLocal done
Event: 45.278 Loading class java/security/AccessControlException
Event: 45.325 Loading class java/security/AccessControlException done
Event: 48.281 Loading class java/lang/StackTraceElement$HashedModules
Event: 48.281 Loading class java/lang/StackTraceElement$HashedModules done

Classes unloaded (0 events):
No events

Classes redefined (0 events):
No events

Internal exceptions (20 events):
Event: 43.058 Thread 0x0000018dffd2f110 Exception <a 'java/lang/NoSuchMethodError'{0x00000000d6119718}: 'java.lang.Object java.lang.invoke.DelegatingMethodHandle$Holder.reinvoke_L(java.lang.Object, java.lang.Object, java.lang.Object, java.lang.Object, int, int)'> (0x00000000d6119718) 
thrown [s\src\hotspot\share\interpreter\linkResolver.cpp, line 773]
Event: 43.066 Thread 0x0000018dffd2f110 Exception <a 'java/lang/NoSuchMethodError'{0x00000000d6136428}: 'java.lang.Object java.lang.invoke.DirectMethodHandle$Holder.newInvokeSpecial(java.lang.Object, java.lang.Object, java.lang.Object, java.lang.Object, java.lang.Object, java.lang.Object)'> (0x00000000d6136428) 
thrown [s\src\hotspot\share\interpreter\linkResolver.cpp, line 773]
Event: 43.077 Thread 0x0000018dffd2f110 Exception <a 'java/lang/NoSuchMethodError'{0x00000000d6162880}: 'void java.lang.invoke.Invokers$Holder.invokeExact_MT(java.lang.Object, java.lang.Object, java.lang.Object, java.lang.Object)'> (0x00000000d6162880) 
thrown [s\src\hotspot\share\interpreter\linkResolver.cpp, line 773]
Event: 43.262 Thread 0x0000018dffd2f110 Exception <a 'java/io/FileNotFoundException'{0x00000000d62990a0}> (0x00000000d62990a0) 
thrown [s\src\hotspot\share\prims\jni.cpp, line 520]
Event: 43.276 Thread 0x0000018dffd2f110 Exception <a 'java/io/FileNotFoundException'{0x00000000d62b7158}> (0x00000000d62b7158) 
thrown [s\src\hotspot\share\prims\jni.cpp, line 520]
Event: 43.279 Thread 0x0000018dffd2f110 Exception <a 'java/io/FileNotFoundException'{0x00000000d62bee98}> (0x00000000d62bee98) 
thrown [s\src\hotspot\share\prims\jni.cpp, line 520]
Event: 43.858 Thread 0x0000018dffd2f110 Exception <a 'java/lang/NoSuchMethodError'{0x00000000d677b6b8}: 'java.lang.Object java.lang.invoke.DirectMethodHandle$Holder.newInvokeSpecial(java.lang.Object, java.lang.Object, java.lang.Object, java.lang.Object, java.lang.Object)'> (0x00000000d677b6b8) 
thrown [s\src\hotspot\share\interpreter\linkResolver.cpp, line 773]
Event: 43.957 Thread 0x0000018dffd2f110 Exception <a 'java/lang/NoSuchMethodError'{0x00000000d68795f8}: 'java.lang.Object java.lang.invoke.DirectMethodHandle$Holder.invokeSpecial(java.lang.Object, java.lang.Object, java.lang.Object, long, java.lang.Object)'> (0x00000000d68795f8) 
thrown [s\src\hotspot\share\interpreter\linkResolver.cpp, line 773]
Event: 43.966 Thread 0x0000018dffd2f110 Exception <a 'java/lang/NoSuchMethodError'{0x00000000d6880e40}: 'java.lang.Object java.lang.invoke.DirectMethodHandle$Holder.newInvokeSpecial(java.lang.Object, java.lang.Object, java.lang.Object, long)'> (0x00000000d6880e40) 
thrown [s\src\hotspot\share\interpreter\linkResolver.cpp, line 773]
Event: 43.968 Thread 0x0000018dffd2f110 Exception <a 'java/lang/NoSuchMethodError'{0x00000000d68851f0}: 'java.lang.Object java.lang.invoke.DirectMethodHandle$Holder.invokeSpecial(java.lang.Object, java.lang.Object, java.lang.Object, java.lang.Object, long)'> (0x00000000d68851f0) 
thrown [s\src\hotspot\share\interpreter\linkResolver.cpp, line 773]
Event: 43.969 Thread 0x0000018dffd2f110 Exception <a 'java/lang/NoSuchMethodError'{0x00000000d6888e10}: 'java.lang.Object java.lang.invoke.Invokers$Holder.linkToTargetMethod(java.lang.Object, java.lang.Object, long, java.lang.Object)'> (0x00000000d6888e10) 
thrown [s\src\hotspot\share\interpreter\linkResolver.cpp, line 773]
Event: 44.247 Thread 0x0000018dffd2f110 Exception <a 'java/lang/IncompatibleClassChangeError'{0x00000000d69a52d0}: Found class java.lang.Object, but interface was expected> (0x00000000d69a52d0) 
thrown [s\src\hotspot\share\interpreter\linkResolver.cpp, line 840]
Event: 44.257 Thread 0x0000018dffd2f110 Exception <a 'java/lang/NoSuchMethodError'{0x00000000d69a8de0}: 'java.lang.Object java.lang.invoke.DirectMethodHandle$Holder.invokeSpecial(java.lang.Object, java.lang.Object, java.lang.Object, int, java.lang.Object, java.lang.Object)'> (0x00000000d69a8de0) 
thrown [s\src\hotspot\share\interpreter\linkResolver.cpp, line 773]
Event: 44.261 Thread 0x0000018dffd2f110 Exception <a 'java/lang/NoSuchMethodError'{0x00000000d69b07f8}: 'java.lang.Object java.lang.invoke.DirectMethodHandle$Holder.newInvokeSpecial(java.lang.Object, java.lang.Object, java.lang.Object, int, java.lang.Object)'> (0x00000000d69b07f8) 
thrown [s\src\hotspot\share\interpreter\linkResolver.cpp, line 773]
Event: 44.269 Thread 0x0000018dffd2f110 Exception <a 'java/lang/NoSuchMethodError'{0x00000000d69b4778}: 'java.lang.Object java.lang.invoke.DirectMethodHandle$Holder.invokeSpecial(java.lang.Object, java.lang.Object, java.lang.Object, java.lang.Object, int, java.lang.Object)'> (0x00000000d69b4778) 
thrown [s\src\hotspot\share\interpreter\linkResolver.cpp, line 773]
Event: 44.270 Thread 0x0000018dffd2f110 Exception <a 'java/lang/NoSuchMethodError'{0x00000000d69b82b8}: 'java.lang.Object java.lang.invoke.Invokers$Holder.linkToTargetMethod(java.lang.Object, java.lang.Object, int, java.lang.Object, java.lang.Object)'> (0x00000000d69b82b8) 
thrown [s\src\hotspot\share\interpreter\linkResolver.cpp, line 773]
Event: 44.271 Thread 0x0000018dffd332b0 Exception <a 'java/lang/NoSuchMethodError'{0x00000000d6913a68}: 'java.lang.Object java.lang.invoke.DirectMethodHandle$Holder.invokeSpecial(java.lang.Object, java.lang.Object, int, java.lang.Object, java.lang.Object)'> (0x00000000d6913a68) 
thrown [s\src\hotspot\share\interpreter\linkResolver.cpp, line 773]
Event: 44.444 Thread 0x0000018dffd2f110 Exception <a 'java/lang/NoSuchMethodError'{0x00000000d6aded68}: 'void java.lang.invoke.DirectMethodHandle$Holder.invokeSpecial(java.lang.Object, java.lang.Object, java.lang.Object, java.lang.Object, java.lang.Object)'> (0x00000000d6aded68) 
thrown [s\src\hotspot\share\interpreter\linkResolver.cpp, line 773]
Event: 45.400 Thread 0x0000018dffd2f110 Exception <a 'java/lang/NoSuchMethodError'{0x00000000d59beba0}: 'java.lang.Object java.lang.invoke.DirectMethodHandle$Holder.invokeInterface(java.lang.Object, java.lang.Object, java.lang.Object)'> (0x00000000d59beba0) 
thrown [s\src\hotspot\share\interpreter\linkResolver.cpp, line 773]
Event: 47.746 Thread 0x0000018dffd2f110 Exception <a 'java/lang/NoSuchMethodError'{0x00000000d5e80998}: 'java.lang.Object java.lang.invoke.Invokers$Holder.linkToTargetMethod(java.lang.Object, long, java.lang.Object, java.lang.Object)'> (0x00000000d5e80998) 
thrown [s\src\hotspot\share\interpreter\linkResolver.cpp, line 773]

ZGC Phase Switch (0 events):
No events

VM Operations (20 events):
Event: 43.216 Executing safepoint VM operation: Cleanup done
Event: 43.759 Executing non-safepoint VM operation: HandshakeAllThreads (Deoptimize)
Event: 43.759 Executing non-safepoint VM operation: HandshakeAllThreads (Deoptimize) done
Event: 44.405 Executing non-safepoint VM operation: HandshakeAllThreads (Deoptimize)
Event: 44.405 Executing non-safepoint VM operation: HandshakeAllThreads (Deoptimize) done
Event: 44.405 Executing safepoint VM operation: Cleanup
Event: 44.405 Executing safepoint VM operation: Cleanup done
Event: 44.622 Executing safepoint VM operation: ParallelGCFailedAllocation (Allocation Failure)
Event: 44.630 Executing safepoint VM operation: ParallelGCFailedAllocation (Allocation Failure) done
Event: 44.668 Executing non-safepoint VM operation: HandshakeAllThreads (Deoptimize)
Event: 44.668 Executing non-safepoint VM operation: HandshakeAllThreads (Deoptimize) done
Event: 44.944 Executing non-safepoint VM operation: HandshakeAllThreads (Deoptimize)
Event: 44.944 Executing non-safepoint VM operation: HandshakeAllThreads (Deoptimize) done
Event: 45.089 Executing non-safepoint VM operation: HandshakeAllThreads (Deoptimize)
Event: 45.089 Executing non-safepoint VM operation: HandshakeAllThreads (Deoptimize) done
Event: 46.096 Executing safepoint VM operation: Cleanup
Event: 46.096 Executing safepoint VM operation: Cleanup done
Event: 47.100 Executing safepoint VM operation: Cleanup
Event: 47.713 Executing safepoint VM operation: Cleanup done
Event: 48.724 Executing safepoint VM operation: Cleanup

Memory protections (0 events):
No events

Nmethod flushes (0 events):
No events

Events (20 events):
Event: 24.549 Thread 0x0000018dd445e5b0 Thread exited: 0x0000018dd445e5b0
Event: 25.409 Thread 0x0000018df5f19130 Thread added: 0x0000018dd40f3260
Event: 25.410 Thread 0x0000018df5f19130 Thread added: 0x0000018dd4cc00d0
Event: 25.795 Thread 0x0000018dd4cc00d0 Thread exited: 0x0000018dd4cc00d0
Event: 26.476 Thread 0x0000018dd40f3260 Thread exited: 0x0000018dd40f3260
Event: 33.765 Thread 0x0000018dffd34660 Thread exited: 0x0000018dffd34660
Event: 33.765 Thread 0x0000018dffd311e0 Thread exited: 0x0000018dffd311e0
Event: 33.765 Thread 0x0000018dffd33fd0 Thread exited: 0x0000018dffd33fd0
Event: 33.784 Thread 0x0000018dffd33940 Thread exited: 0x0000018dffd33940
Event: 33.802 Thread 0x0000018dffd34cf0 Thread exited: 0x0000018dffd34cf0
Event: 33.802 Thread 0x0000018dffd2f7a0 Thread exited: 0x0000018dffd2f7a0
Event: 33.802 Thread 0x0000018dffd332b0 Thread exited: 0x0000018dffd332b0
Event: 33.803 Thread 0x0000018dffd2fe30 Thread exited: 0x0000018dffd2fe30
Event: 33.926 Thread 0x0000018df5f19130 Thread added: 0x0000018dd47b0410
Event: 34.466 Thread 0x0000018dd47b0410 Thread exited: 0x0000018dd47b0410
Event: 40.527 Thread 0x0000018dffd2f110 Thread added: 0x0000018dffd311e0
Event: 42.813 Thread 0x0000018dffd2f110 Thread added: 0x0000018dffd2f7a0
Event: 43.982 Thread 0x0000018dffd2f110 Thread added: 0x0000018dffd332b0
Event: 44.279 Thread 0x0000018dffd2f110 Thread added: 0x0000018dffd31870
Event: 47.832 Thread 0x0000018df5f19130 Thread added: 0x0000018dd4f3e030


Dynamic libraries:
0x00007ff647810000 - 0x00007ff64781e000 	c:\Users\trami\.windsurf\extensions\redhat.java-1.54.0-win32-x64\jre\21.0.10-win32-x86_64\bin\java.exe
0x00007ff810640000 - 0x00007ff8108a7000 	C:\WINDOWS\SYSTEM32\ntdll.dll
0x00007ff80f090000 - 0x00007ff80f159000 	C:\WINDOWS\System32\KERNEL32.DLL
0x00007ff80dc10000 - 0x00007ff80e007000 	C:\WINDOWS\System32\KERNELBASE.dll
0x00007ff80a0d0000 - 0x00007ff80a170000 	C:\WINDOWS\SYSTEM32\apphelp.dll
0x00007ff80e010000 - 0x00007ff80e15b000 	C:\WINDOWS\System32\ucrtbase.dll
0x00007fffb4d90000 - 0x00007fffb4da8000 	c:\Users\trami\.windsurf\extensions\redhat.java-1.54.0-win32-x64\jre\21.0.10-win32-x86_64\bin\jli.dll
0x00007ff810380000 - 0x00007ff810546000 	C:\WINDOWS\System32\USER32.dll
0x00007ff80e210000 - 0x00007ff80e237000 	C:\WINDOWS\System32\win32u.dll
0x00007ff80fc60000 - 0x00007ff80fc8b000 	C:\WINDOWS\System32\GDI32.dll
0x00007ff80d8e0000 - 0x00007ff80da0c000 	C:\WINDOWS\System32\gdi32full.dll
0x00007ff80e160000 - 0x00007ff80e203000 	C:\WINDOWS\System32\msvcp_win.dll
0x00007fffcc780000 - 0x00007fffcc79e000 	c:\Users\trami\.windsurf\extensions\redhat.java-1.54.0-win32-x64\jre\21.0.10-win32-x86_64\bin\VCRUNTIME140.dll
0x00007ffff3bc0000 - 0x00007ffff3e52000 	C:\WINDOWS\WinSxS\amd64_microsoft.windows.common-controls_6595b64144ccf1df_6.0.26100.8457_none_3e0b2faee331e92d\COMCTL32.dll
0x00007ff810550000 - 0x00007ff8105f9000 	C:\WINDOWS\System32\msvcrt.dll
0x00007ff80f000000 - 0x00007ff80f032000 	C:\WINDOWS\System32\IMM32.DLL
0x00007fffe1800000 - 0x00007fffe180c000 	c:\Users\trami\.windsurf\extensions\redhat.java-1.54.0-win32-x64\jre\21.0.10-win32-x86_64\bin\vcruntime140_1.dll
0x00007fff909c0000 - 0x00007fff90a4d000 	c:\Users\trami\.windsurf\extensions\redhat.java-1.54.0-win32-x64\jre\21.0.10-win32-x86_64\bin\msvcp140.dll
0x00007fff3f110000 - 0x00007fff3feb1000 	c:\Users\trami\.windsurf\extensions\redhat.java-1.54.0-win32-x64\jre\21.0.10-win32-x86_64\bin\server\jvm.dll
0x00007ff80e8a0000 - 0x00007ff80e956000 	C:\WINDOWS\System32\ADVAPI32.dll
0x00007ff80f160000 - 0x00007ff80f207000 	C:\WINDOWS\System32\sechost.dll
0x00007ff80f210000 - 0x00007ff80f328000 	C:\WINDOWS\System32\RPCRT4.dll
0x00007ff810280000 - 0x00007ff810300000 	C:\WINDOWS\System32\WS2_32.dll
0x00007ff80ced0000 - 0x00007ff80cf2e000 	C:\WINDOWS\SYSTEM32\POWRPROF.dll
0x00007ff804380000 - 0x00007ff8043b6000 	C:\WINDOWS\SYSTEM32\WINMM.dll
0x00007ffff1d80000 - 0x00007ffff1d8b000 	C:\WINDOWS\SYSTEM32\VERSION.dll
0x00007ff80ceb0000 - 0x00007ff80cec4000 	C:\WINDOWS\SYSTEM32\UMPDC.dll
0x00007ff80be00000 - 0x00007ff80be1b000 	C:\WINDOWS\SYSTEM32\kernel.appcore.dll
0x00007fffe1720000 - 0x00007fffe172a000 	c:\Users\trami\.windsurf\extensions\redhat.java-1.54.0-win32-x64\jre\21.0.10-win32-x86_64\bin\jimage.dll
0x00007ff80b090000 - 0x00007ff80b2d2000 	C:\WINDOWS\SYSTEM32\DBGHELP.DLL
0x00007ff80fef0000 - 0x00007ff810273000 	C:\WINDOWS\System32\combase.dll
0x00007ff80e660000 - 0x00007ff80e739000 	C:\WINDOWS\System32\OLEAUT32.dll
0x00007fffec940000 - 0x00007fffec97b000 	C:\WINDOWS\SYSTEM32\dbgcore.DLL
0x00007ff80daa0000 - 0x00007ff80db48000 	C:\WINDOWS\System32\bcryptPrimitives.dll
0x00007fffe12b0000 - 0x00007fffe12bf000 	c:\Users\trami\.windsurf\extensions\redhat.java-1.54.0-win32-x64\jre\21.0.10-win32-x86_64\bin\instrument.dll
0x00007fffce2b0000 - 0x00007fffce2d0000 	c:\Users\trami\.windsurf\extensions\redhat.java-1.54.0-win32-x64\jre\21.0.10-win32-x86_64\bin\java.dll
0x00007ff80f340000 - 0x00007ff80faae000 	C:\WINDOWS\System32\SHELL32.dll
0x00007ff80d070000 - 0x00007ff80d8dc000 	C:\WINDOWS\System32\windows.storage.dll
0x00007ff80ee00000 - 0x00007ff80eef6000 	C:\WINDOWS\System32\SHCORE.dll
0x00007ff810310000 - 0x00007ff810376000 	C:\WINDOWS\System32\shlwapi.dll
0x00007ff80cf90000 - 0x00007ff80cfb9000 	C:\WINDOWS\SYSTEM32\profapi.dll
0x00007fffa3110000 - 0x00007fffa3128000 	c:\Users\trami\.windsurf\extensions\redhat.java-1.54.0-win32-x64\jre\21.0.10-win32-x86_64\bin\zip.dll
0x00007fffe1290000 - 0x00007fffe12a0000 	C:\Users\trami\.windsurf\extensions\redhat.java-1.54.0-win32-x64\jre\21.0.10-win32-x86_64\bin\net.dll
0x00007ff802db0000 - 0x00007ff802ed9000 	C:\WINDOWS\SYSTEM32\WINHTTP.dll
0x00007ff80c370000 - 0x00007ff80c3dc000 	C:\WINDOWS\system32\mswsock.dll
0x00007fff9b490000 - 0x00007fff9b4a6000 	C:\Users\trami\.windsurf\extensions\redhat.java-1.54.0-win32-x64\jre\21.0.10-win32-x86_64\bin\nio.dll
0x00007fffe1260000 - 0x00007fffe1270000 	c:\Users\trami\.windsurf\extensions\redhat.java-1.54.0-win32-x64\jre\21.0.10-win32-x86_64\bin\verify.dll
0x00007fff91c90000 - 0x00007fff91cd5000 	C:\Users\trami\AppData\Roaming\Windsurf\User\globalStorage\redhat.java\1.54.0\config_win\org.eclipse.equinox.launcher\org.eclipse.equinox.launcher.win32.win32.x86_64_1.3.0.v20260203-2149\eclipse_11919.dll
0x00007ff80fac0000 - 0x00007ff80fc57000 	C:\WINDOWS\System32\ole32.dll
0x00007fffe21f0000 - 0x00007fffe21fa000 	C:\Users\trami\.windsurf\extensions\redhat.java-1.54.0-win32-x64\jre\21.0.10-win32-x86_64\bin\management.dll
0x00007fffdfb70000 - 0x00007fffdfb7c000 	C:\Users\trami\.windsurf\extensions\redhat.java-1.54.0-win32-x64\jre\21.0.10-win32-x86_64\bin\management_ext.dll
0x00007ff80fe80000 - 0x00007ff80fe88000 	C:\WINDOWS\System32\PSAPI.DLL

JVMTI agents:
c:\Users\trami\.windsurf\extensions\redhat.java-1.54.0-win32-x64\lombok\lombok-1.18.39-4050.jar path:c:\Users\trami\.windsurf\extensions\redhat.java-1.54.0-win32-x64\jre\21.0.10-win32-x86_64\bin\instrument.dll, loaded, initialized, instrumentlib options:none

dbghelp: loaded successfully - version: 4.0.5 - missing functions: none
symbol engine: initialized successfully - sym options: 0x614 - pdb path: .;c:\Users\trami\.windsurf\extensions\redhat.java-1.54.0-win32-x64\jre\21.0.10-win32-x86_64\bin;C:\WINDOWS\SYSTEM32;C:\WINDOWS\WinSxS\amd64_microsoft.windows.common-controls_6595b64144ccf1df_6.0.26100.8457_none_3e0b2faee331e92d;c:\Users\trami\.windsurf\extensions\redhat.java-1.54.0-win32-x64\jre\21.0.10-win32-x86_64\bin\server;C:\Users\trami\AppData\Roaming\Windsurf\User\globalStorage\redhat.java\1.54.0\config_win\org.eclipse.equinox.launcher\org.eclipse.equinox.launcher.win32.win32.x86_64_1.3.0.v20260203-2149

VM Arguments:
jvm_args: --add-modules=ALL-SYSTEM --add-opens=java.base/java.util=ALL-UNNAMED --add-opens=java.base/java.lang=ALL-UNNAMED --add-opens=java.base/sun.nio.fs=ALL-UNNAMED -Declipse.application=org.eclipse.jdt.ls.core.id1 -Dosgi.bundles.defaultStartLevel=4 -Declipse.product=org.eclipse.jdt.ls.core.product -Djava.import.generatesMetadataFilesAtProjectRoot=false -DDetectVMInstallationsJob.disabled=true -Dfile.encoding=utf8 -XX:+UseParallelGC -XX:GCTimeRatio=4 -XX:AdaptiveSizePolicyWeight=90 -Dsun.zip.disableMemoryMapping=true -Xmx2G -Xms100m -Xlog:disable -javaagent:c:\Users\trami\.windsurf\extensions\redhat.java-1.54.0-win32-x64\lombok\lombok-1.18.39-4050.jar -XX:+HeapDumpOnOutOfMemoryError -XX:HeapDumpPath=c:\Users\trami\AppData\Roaming\Windsurf\User\workspaceStorage\c9259c7068d373984888ddd66689b2ba\redhat.java -Daether.dependencyCollector.impl=bf 
java_command: c:\Users\trami\.windsurf\extensions\redhat.java-1.54.0-win32-x64\server\plugins\org.eclipse.equinox.launcher_1.7.100.v20251111-0406.jar -configuration c:\Users\trami\AppData\Roaming\Windsurf\User\globalStorage\redhat.java\1.54.0\config_win -data c:\Users\trami\AppData\Roaming\Windsurf\User\workspaceStorage\c9259c7068d373984888ddd66689b2ba\redhat.java\jdt_ws --pipe=\\.\pipe\lsp-2ca6ba4b4aca8886e430760e3ea7eb6b-sock
java_class_path (initial): c:\Users\trami\.windsurf\extensions\redhat.java-1.54.0-win32-x64\server\plugins\org.eclipse.equinox.launcher_1.7.100.v20251111-0406.jar
Launcher Type: SUN_STANDARD

[Global flags]
    uintx AdaptiveSizePolicyWeight                 = 90                                        {product} {command line}
     intx CICompilerCount                          = 4                                         {product} {ergonomic}
    uintx GCTimeRatio                              = 4                                         {product} {command line}
     bool HeapDumpOnOutOfMemoryError               = true                                   {manageable} {command line}
    ccstr HeapDumpPath                             = c:\Users\trami\AppData\Roaming\Windsurf\User\workspaceStorage\c9259c7068d373984888ddd66689b2ba\redhat.java         {manageable} {command line}
   size_t InitialHeapSize                          = 104857600                                 {product} {command line}
   size_t MaxHeapSize                              = 2147483648                                {product} {command line}
   size_t MaxNewSize                               = 715653120                                 {product} {ergonomic}
   size_t MinHeapDeltaBytes                        = 524288                                    {product} {ergonomic}
   size_t MinHeapSize                              = 104857600                                 {product} {command line}
   size_t NewSize                                  = 34603008                                  {product} {ergonomic}
    uintx NonNMethodCodeHeapSize                   = 5839372                                {pd product} {ergonomic}
    uintx NonProfiledCodeHeapSize                  = 122909434                              {pd product} {ergonomic}
   size_t OldSize                                  = 70254592                                  {product} {ergonomic}
    uintx ProfiledCodeHeapSize                     = 122909434                              {pd product} {ergonomic}
    uintx ReservedCodeCacheSize                    = 251658240                              {pd product} {ergonomic}
     bool SegmentedCodeCache                       = true                                      {product} {ergonomic}
   size_t SoftMaxHeapSize                          = 2147483648                             {manageable} {ergonomic}
     bool UseCompressedOops                        = true                           {product lp64_product} {ergonomic}
     bool UseLargePagesIndividualAllocation        = false                                  {pd product} {ergonomic}
     bool UseParallelGC                            = true                                      {product} {command line}

Logging:
Log output configuration:
 #0: stdout all=off uptime,level,tags foldmultilines=false
 #1: stderr all=off uptime,level,tags foldmultilines=false

Release file:
JAVA_VERSION="21.0.10" 
MODULES="java.base java.compiler java.datatransfer java.xml java.prefs java.desktop java.instrument java.logging java.management java.security.sasl java.naming java.rmi java.management.rmi java.net.http java.scripting java.security.jgss java.transaction.xa java.sql java.sql.rowset java.xml.crypto java.se java.smartcardio jdk.accessibility jdk.internal.jvmstat jdk.attach jdk.charsets jdk.internal.opt jdk.zipfs jdk.compiler jdk.crypto.ec jdk.crypto.cryptoki jdk.crypto.mscapi jdk.dynalink jdk.internal.ed jdk.editpad jdk.hotspot.agent jdk.httpserver jdk.internal.le jdk.internal.vm.ci jdk.internal.vm.compiler jdk.internal.vm.compiler.management jdk.jartool jdk.javadoc jdk.jcmd jdk.management jdk.management.agent jdk.jconsole jdk.jdeps jdk.jdwp.agent jdk.jdi jdk.jfr jdk.jshell jdk.jsobject jdk.jstatd jdk.localedata jdk.management.jfr jdk.naming.dns jdk.naming.rmi jdk.net jdk.nio.mapmode jdk.random jdk.sctp jdk.security.auth jdk.security.jgss jdk.unsupported jdk.unsupported.desktop jdk.xml.dom" 

Environment Variables:
JAVA_HOME=C:\Program Files\Java\jdk-21
PATH=C:\Users\trami\AppData\Local\Programs\Windsurf;C:\Program Files\Eclipse Adoptium\jdk-17.0.18.8-hotspot\bin;C:\Program Files\Common Files\Oracle\Java\javapath;C:\Program Files (x86)\Common Files\Oracle\Java\java8path;C:\Program Files (x86)\Common Files\Oracle\Java\javapath;C:\WINDOWS\system32;C:\WINDOWS;C:\WINDOWS\System32\Wbem;C:\WINDOWS\System32\WindowsPowerShell\v1.0\;C:\WINDOWS\System32\OpenSSH\;C:\Program Files\apache-maven-3.9.15\bin;C:\Program Files\Git\cmd;C:\Program Files\nodejs\;;C:\Program Files\Docker\Docker\resources\bin;C:\Users\trami\AppData\Local\Microsoft\WindowsApps;C:\Program Files\JetBrains\IntelliJ IDEA 2024.1.4\bin;C:\Users\trami\AppData\Local\Programs\Microsoft VS Code\bin;C:\Users\trami\AppData\Local\Programs\Windsurf\bin;C:\Users\trami\AppData\Local\GitHubDesktop\bin;C:\Users\trami\AppData\Roaming\npm
USERNAME=trami
OS=Windows_NT
PROCESSOR_IDENTIFIER=Intel64 Family 6 Model 190 Stepping 0, GenuineIntel
TMP=C:\Users\trami\AppData\Local\Temp
TEMP=C:\Users\trami\AppData\Local\Temp




Periodic native trim disabled

---------------  S Y S T E M  ---------------

OS:
 Windows 11 , 64 bit Build 26100 (10.0.26100.8328)
OS uptime: 0 days 12:18 hours
Hyper-V role detected

CPU: total 8 (initial active 8) (8 cores per cpu, 1 threads per core) family 6 model 190 stepping 0 microcode 0xe, cx8, cmov, fxsr, mmx, 3dnowpref, sse, sse2, sse3, ssse3, sse4.1, sse4.2, popcnt, lzcnt, tsc, tscinvbit, avx, avx2, aes, erms, clmul, bmi1, bmi2, adx, sha, fma, vzeroupper, clflush, clflushopt, clwb, hv, serialize, rdtscp, rdpid, fsrm, f16c, cet_ibt, cet_ss
Processor Information for processor 0
  Max Mhz: 1800, Current Mhz: 1800, Mhz Limit: 1800
Processor Information for processor 1
  Max Mhz: 1800, Current Mhz: 1500, Mhz Limit: 1800
Processor Information for processor 2
  Max Mhz: 1800, Current Mhz: 1800, Mhz Limit: 1800
Processor Information for processor 3
  Max Mhz: 1800, Current Mhz: 1500, Mhz Limit: 1800
Processor Information for processor 4
  Max Mhz: 1800, Current Mhz: 1500, Mhz Limit: 1800
Processor Information for processor 5
  Max Mhz: 1800, Current Mhz: 1500, Mhz Limit: 1800
Processor Information for processor 6
  Max Mhz: 1800, Current Mhz: 1500, Mhz Limit: 1800
Processor Information for processor 7
  Max Mhz: 1800, Current Mhz: 1500, Mhz Limit: 1800

Memory: 4k page, system-wide physical 7865M (882M free)
TotalPageFile size 32441M (AvailPageFile size 2M)
current process WorkingSet (physical memory assigned to process): 130M, peak: 133M
current process commit charge ("private bytes"): 284M, peak: 288M

vm_info: OpenJDK 64-Bit Server VM (21.0.10+7-LTS) for windows-amd64 JRE (21.0.10+7-LTS), built on 2026-01-20T00:00:00Z by "admin" with MS VC++ 17.12 (VS2022)

END.
